2018-11-05 16:34:06,514 - LogInfo - get ip list
2018-11-05 16:34:06,516 - LogInfo - IP files may be wrong.
2018-11-05 16:34:06,516 - LogInfo - program exits
2018-11-05 16:35:04,160 - LogInfo - get ip list
2018-11-05 16:35:04,162 - LogInfo - start Masscan process...
2018-11-05 16:39:35,580 - LogInfo - finsh Masscan
2018-11-05 16:39:35,581 - LogInfo - start read results...
2018-11-05 16:39:35,582 - LogInfo - start nmap scan service...
2018-11-05 16:39:35,582 - LogInfo - finsh nmap scan.
2018-11-05 16:39:35,582 - LogInfo - compare with the last result
2018-11-05 16:39:35,583 - LogInfo - generate the result file
2018-11-06 09:53:31,445 - LogInfo - get ip list
2018-11-06 09:53:31,448 - LogInfo - IP files may be wrong.
2018-11-06 09:53:31,448 - LogInfo - program exits
2018-11-06 09:55:04,338 - LogInfo - get ip list
2018-11-06 09:55:04,350 - LogInfo - start Masscan process...
2018-11-06 09:57:28,639 - LogInfo - finsh Masscan
2018-11-06 09:57:28,640 - LogInfo - start read results...
2018-11-06 09:57:28,720 - LogInfo - start nmap scan service...
2018-11-06 09:57:29,345 - LogInfo - finsh nmap scan.
2018-11-06 09:57:29,345 - LogInfo - compare with the last result
2018-11-06 09:57:29,345 - LogInfo - generate the result file
2018-11-06 10:11:11,670 - LogInfo - get ip list
2018-11-06 10:11:11,681 - LogInfo - start Masscan process...
2018-11-06 10:21:08,653 - LogInfo - get ip list
2018-11-06 10:21:08,656 - LogInfo - This line CIDR ip maybe wrong:# this is a CIDR test msg
2018-11-06 10:21:08,665 - LogInfo - start Masscan process...
2018-11-06 10:21:33,579 - LogInfo - finsh Masscan
2018-11-06 10:21:33,579 - LogInfo - start read results...
2018-11-06 10:21:33,591 - LogInfo - start nmap scan service...
2018-11-06 10:21:33,683 - LogInfo - finsh nmap scan.
2018-11-06 10:21:33,684 - LogInfo - compare with the last result
2018-11-06 10:21:33,684 - LogInfo - generate the result file
2018-11-06 10:29:42,875 - LogInfo - get ip list
2018-11-06 10:29:42,878 - LogInfo - This line CIDR ip maybe wrong:# 2017101711, 5530 routes
2018-11-06 10:29:42,925 - LogInfo - start Masscan process...
2018-11-06 14:05:30,247 - LogInfo - get ip list
2018-11-06 14:05:30,250 - LogInfo - This line CIDR ip maybe wrong:# 2017101711, 5530 routes
2018-11-06 14:05:30,300 - LogInfo - start Masscan process...
2018-11-06 14:05:48,564 - LogInfo - finsh Masscan
2018-11-06 14:05:48,565 - LogInfo - start read results...
2018-11-06 14:05:48,565 - LogInfo - masscan scanning problems, IP files may be wrong.
2018-11-06 14:05:48,566 - LogInfo - program exits
2018-11-06 14:06:15,540 - LogInfo - get ip list
2018-11-06 14:06:15,544 - LogInfo - This line CIDR ip maybe wrong:# 2017101711, 5530 routes
2018-11-06 14:06:15,600 - LogInfo - start Masscan process...
2018-11-06 14:06:55,579 - LogInfo - finsh Masscan
2018-11-06 14:06:55,579 - LogInfo - start read results...
2018-11-06 14:06:55,580 - LogInfo - masscan scanning problems, IP files may be wrong.
2018-11-06 14:06:55,580 - LogInfo - program exits
2018-11-06 14:25:25,543 - LogInfo - get ip list
2018-11-06 14:25:25,546 - LogInfo - This line CIDR ip maybe wrong:# 2017101711, 5530 routes
2018-11-06 14:25:25,595 - LogInfo - start Masscan process...
2018-11-06 14:25:25,697 - LogInfo - finsh Masscan
2018-11-06 14:25:25,697 - LogInfo - start read results...
2018-11-06 14:25:25,698 - LogInfo - masscan scanning problems, IP files may be wrong.
2018-11-06 14:25:25,698 - LogInfo - program exits
2018-11-06 14:30:24,698 - LogInfo - get ip list
2018-11-06 14:30:24,701 - LogInfo - This line CIDR ip maybe wrong:# 2017101711, 5530 routes
2018-11-06 14:30:24,749 - LogInfo - start Masscan process...
2018-11-07 00:04:22,575 - LogInfo - finsh Masscan
2018-11-07 00:04:22,577 - LogInfo - start read results...
2018-11-12 10:26:06,340 - LogInfo - get ip list
2018-11-12 10:26:06,343 - LogInfo - This line CIDR ip maybe wrong:# 2017101711, 5530 routes
2018-11-12 10:26:06,344 - LogInfo - start Masscan process...
2018-11-12 10:26:18,280 - LogInfo - finsh Masscan
2018-11-12 10:26:18,281 - LogInfo - start read results...
2018-11-12 10:26:18,281 - LogInfo - program exits
2018-11-12 10:38:02,367 - LogInfo - get ip list
2018-11-12 10:38:02,371 - LogInfo - start Masscan process...
2018-11-12 10:38:14,755 - LogInfo - finsh Masscan
2018-11-12 10:38:14,756 - LogInfo - start read results...
2018-11-12 10:40:46,170 - LogInfo - get ip list
2018-11-12 10:40:46,173 - LogInfo - start Masscan process...
2018-11-12 10:40:59,532 - LogInfo - finsh Masscan
2018-11-12 10:40:59,533 - LogInfo - start parse results...
2018-11-12 10:40:59,542 - LogInfo - program exits
2018-11-12 10:43:12,696 - LogInfo - get ip list
2018-11-12 10:43:12,699 - LogInfo - start Masscan process...
2018-11-12 10:43:25,562 - LogInfo - finsh Masscan
2018-11-12 10:43:25,562 - LogInfo - start parse results...
2018-11-12 10:43:25,572 - LogInfo - program exits
2018-11-12 10:46:50,196 - LogInfo - get ip list
2018-11-12 10:46:50,199 - LogInfo - start Masscan process...
2018-11-12 10:47:19,809 - LogInfo - finsh Masscan
2018-11-12 10:47:19,810 - LogInfo - start parse results...
2018-11-12 10:47:19,823 - LogInfo - program exits
2018-11-12 10:49:00,869 - LogInfo - get ip list
2018-11-12 10:49:00,872 - LogInfo - start Masscan process...
2018-11-12 10:53:36,657 - LogInfo - finsh Masscan
2018-11-12 10:53:36,658 - LogInfo - start parse results...
2018-11-12 10:53:36,704 - LogInfo - program exits
2018-11-12 11:00:33,681 - LogInfo - get ip list
2018-11-12 11:00:33,685 - LogInfo - start Masscan process...
2018-11-12 11:02:34,622 - LogInfo - finsh Masscan
2018-11-12 11:02:34,623 - LogInfo - start parse results...
2018-11-12 11:02:34,647 - LogInfo - program exits
2018-11-12 11:07:36,811 - LogInfo - get ip list
2018-11-12 11:07:36,814 - LogInfo - start Masscan process...
2018-11-12 11:09:55,983 - LogInfo - finsh Masscan
2018-11-12 11:09:55,983 - LogInfo - start parse results...
2018-11-12 11:09:56,011 - LogInfo - program exits
2018-11-12 11:10:23,163 - LogInfo - get ip list
2018-11-12 11:10:23,166 - LogInfo - start Masscan process...
2018-11-12 11:15:13,673 - LogInfo - finsh Masscan
2018-11-12 11:15:13,674 - LogInfo - start parse results...
2018-11-12 11:15:13,722 - LogInfo - program exits
2018-11-12 11:16:39,859 - LogInfo - get ip list
2018-11-12 11:16:39,862 - LogInfo - start Masscan process...
2018-11-14 08:04:35,822 - LogInfo - finsh Masscan
2018-11-14 08:04:35,829 - LogInfo - start parse results...
2018-11-14 08:05:09,696 - LogInfo - program exits
2019-01-07 10:49:49,875 - LogInfo - get ip list
2019-01-07 10:49:49,877 - LogInfo - start Masscan process...
